This is pdfTeX, Version 3.14159265-2.6-1.40.21 (TeX Live 2020) (preloaded format=pdflatex 2020.5.31)  19 SEP 2020 20:09
entering extended mode
 restricted \write18 enabled.
 %&-line parsing enabled.
**covid_m.tex
(./covid_m.tex
LaTeX2e <2020-02-02> patch level 5
L3 programming layer <2020-03-06>
(/usr/local/texlive/2020/texmf-dist/tex/latex/elsarticle/elsarticle.cls
Document Class: elsarticle 2019/02/25, 3.2: Elsevier Ltd
\@bls=\dimen134
(/usr/local/texlive/2020/texmf-dist/tex/latex/base/article.cls
Document Class: article 2019/12/20 v1.4l Standard LaTeX document class
(/usr/local/texlive/2020/texmf-dist/tex/latex/base/size10.clo
File: size10.clo 2019/12/20 v1.4l Standard LaTeX file (size option)
)
\c@part=\count167
\c@section=\count168
\c@subsection=\count169
\c@subsubsection=\count170
\c@paragraph=\count171
\c@subparagraph=\count172
\c@figure=\count173
\c@table=\count174
\abovecaptionskip=\skip47
\belowcaptionskip=\skip48
\bibindent=\dimen135
)
(/usr/local/texlive/2020/texmf-dist/tex/latex/graphics/graphicx.sty
Package: graphicx 2019/11/30 v1.2a Enhanced LaTeX Graphics (DPC,SPQR)

(/usr/local/texlive/2020/texmf-dist/tex/latex/graphics/keyval.sty
Package: keyval 2014/10/28 v1.15 key=value parser (DPC)
\KV@toks@=\toks15
)
(/usr/local/texlive/2020/texmf-dist/tex/latex/graphics/graphics.sty
Package: graphics 2019/11/30 v1.4a Standard LaTeX Graphics (DPC,SPQR)

(/usr/local/texlive/2020/texmf-dist/tex/latex/graphics/trig.sty
Package: trig 2016/01/03 v1.10 sin cos tan (DPC)
)
(/usr/local/texlive/2020/texmf-dist/tex/latex/graphics-cfg/graphics.cfg
File: graphics.cfg 2016/06/04 v1.11 sample graphics configuration
)
Package graphics Info: Driver file: pdftex.def on input line 105.

(/usr/local/texlive/2020/texmf-dist/tex/latex/graphics-def/pdftex.def
File: pdftex.def 2018/01/08 v1.0l Graphics/color driver for pdftex
))
\Gin@req@height=\dimen136
\Gin@req@width=\dimen137
)
\c@tnote=\count175
\c@fnote=\count176
\c@cnote=\count177
\c@ead=\count178
\c@author=\count179
\@eadauthor=\toks16
\c@affn=\count180
\absbox=\box45
\elsarticlehighlightsbox=\box46
\elsarticlegrabsbox=\box47
\keybox=\box48
\Columnwidth=\dimen138
\space@left=\dimen139
\els@boxa=\box49
\els@boxb=\box50
\leftMargin=\dimen140
\@enLab=\toks17
\@sep=\skip49
\@@sep=\skip50

(./covid_m.spl) (/usr/local/texlive/2020/texmf-dist/tex/latex/natbib/natbib.sty
Package: natbib 2010/09/13 8.31b (PWD, AO)
\bibhang=\skip51
\bibsep=\skip52
LaTeX Info: Redefining \cite on input line 694.
\c@NAT@ctr=\count181
)
\splwrite=\write3
\openout3 = `covid_m.spl'.

\appnamewidth=\dimen141
) (/usr/local/texlive/2020/texmf-dist/tex/latex/pgf/frontendlayer/tikz.sty
(/usr/local/texlive/2020/texmf-dist/tex/latex/pgf/basiclayer/pgf.sty
(/usr/local/texlive/2020/texmf-dist/tex/latex/pgf/utilities/pgfrcs.sty
(/usr/local/texlive/2020/texmf-dist/tex/generic/pgf/utilities/pgfutil-common.te
x
\pgfutil@everybye=\toks18
\pgfutil@tempdima=\dimen142
\pgfutil@tempdimb=\dimen143

(/usr/local/texlive/2020/texmf-dist/tex/generic/pgf/utilities/pgfutil-common-li
sts.tex))
(/usr/local/texlive/2020/texmf-dist/tex/generic/pgf/utilities/pgfutil-latex.def
\pgfutil@abb=\box51
(/usr/local/texlive/2020/texmf-dist/tex/latex/ms/everyshi.sty
Package: everyshi 2001/05/15 v3.00 EveryShipout Package (MS)
))
(/usr/local/texlive/2020/texmf-dist/tex/generic/pgf/utilities/pgfrcs.code.tex
(/usr/local/texlive/2020/texmf-dist/tex/generic/pgf/pgf.revision.tex)
Package: pgfrcs 2020/01/08 v3.1.5b (3.1.5b)
))
Package: pgf 2020/01/08 v3.1.5b (3.1.5b)

(/usr/local/texlive/2020/texmf-dist/tex/latex/pgf/basiclayer/pgfcore.sty
(/usr/local/texlive/2020/texmf-dist/tex/latex/pgf/systemlayer/pgfsys.sty
(/usr/local/texlive/2020/texmf-dist/tex/generic/pgf/systemlayer/pgfsys.code.tex
Package: pgfsys 2020/01/08 v3.1.5b (3.1.5b)
(/usr/local/texlive/2020/texmf-dist/tex/generic/pgf/utilities/pgfkeys.code.tex
\pgfkeys@pathtoks=\toks19
\pgfkeys@temptoks=\toks20

(/usr/local/texlive/2020/texmf-dist/tex/generic/pgf/utilities/pgfkeysfiltered.c
ode.tex
\pgfkeys@tmptoks=\toks21
))
\pgf@x=\dimen144
\pgf@y=\dimen145
\pgf@xa=\dimen146
\pgf@ya=\dimen147
\pgf@xb=\dimen148
\pgf@yb=\dimen149
\pgf@xc=\dimen150
\pgf@yc=\dimen151
\pgf@xd=\dimen152
\pgf@yd=\dimen153
\w@pgf@writea=\write4
\r@pgf@reada=\read2
\c@pgf@counta=\count182
\c@pgf@countb=\count183
\c@pgf@countc=\count184
\c@pgf@countd=\count185
\t@pgf@toka=\toks22
\t@pgf@tokb=\toks23
\t@pgf@tokc=\toks24
\pgf@sys@id@count=\count186

(/usr/local/texlive/2020/texmf-dist/tex/generic/pgf/systemlayer/pgf.cfg
File: pgf.cfg 2020/01/08 v3.1.5b (3.1.5b)
)
Driver file for pgf: pgfsys-pdftex.def

(/usr/local/texlive/2020/texmf-dist/tex/generic/pgf/systemlayer/pgfsys-pdftex.d
ef
File: pgfsys-pdftex.def 2020/01/08 v3.1.5b (3.1.5b)

(/usr/local/texlive/2020/texmf-dist/tex/generic/pgf/systemlayer/pgfsys-common-p
df.def
File: pgfsys-common-pdf.def 2020/01/08 v3.1.5b (3.1.5b)
)))
(/usr/local/texlive/2020/texmf-dist/tex/generic/pgf/systemlayer/pgfsyssoftpath.
code.tex
File: pgfsyssoftpath.code.tex 2020/01/08 v3.1.5b (3.1.5b)
\pgfsyssoftpath@smallbuffer@items=\count187
\pgfsyssoftpath@bigbuffer@items=\count188
)
(/usr/local/texlive/2020/texmf-dist/tex/generic/pgf/systemlayer/pgfsysprotocol.
code.tex
File: pgfsysprotocol.code.tex 2020/01/08 v3.1.5b (3.1.5b)
)) (/usr/local/texlive/2020/texmf-dist/tex/latex/xcolor/xcolor.sty
Package: xcolor 2016/05/11 v2.12 LaTeX color extensions (UK)

(/usr/local/texlive/2020/texmf-dist/tex/latex/graphics-cfg/color.cfg
File: color.cfg 2016/01/02 v1.6 sample color configuration
)
Package xcolor Info: Driver file: pdftex.def on input line 225.
Package xcolor Info: Model `cmy' substituted by `cmy0' on input line 1348.
Package xcolor Info: Model `hsb' substituted by `rgb' on input line 1352.
Package xcolor Info: Model `RGB' extended on input line 1364.
Package xcolor Info: Model `HTML' substituted by `rgb' on input line 1366.
Package xcolor Info: Model `Hsb' substituted by `hsb' on input line 1367.
Package xcolor Info: Model `tHsb' substituted by `hsb' on input line 1368.
Package xcolor Info: Model `HSB' substituted by `hsb' on input line 1369.
Package xcolor Info: Model `Gray' substituted by `gray' on input line 1370.
Package xcolor Info: Model `wave' substituted by `hsb' on input line 1371.
)
(/usr/local/texlive/2020/texmf-dist/tex/generic/pgf/basiclayer/pgfcore.code.tex
Package: pgfcore 2020/01/08 v3.1.5b (3.1.5b)
(/usr/local/texlive/2020/texmf-dist/tex/generic/pgf/math/pgfmath.code.tex
(/usr/local/texlive/2020/texmf-dist/tex/generic/pgf/math/pgfmathcalc.code.tex
(/usr/local/texlive/2020/texmf-dist/tex/generic/pgf/math/pgfmathutil.code.tex)
(/usr/local/texlive/2020/texmf-dist/tex/generic/pgf/math/pgfmathparser.code.tex
\pgfmath@dimen=\dimen154
\pgfmath@count=\count189
\pgfmath@box=\box52
\pgfmath@toks=\toks25
\pgfmath@stack@operand=\toks26
\pgfmath@stack@operation=\toks27
)
(/usr/local/texlive/2020/texmf-dist/tex/generic/pgf/math/pgfmathfunctions.code.
tex
(/usr/local/texlive/2020/texmf-dist/tex/generic/pgf/math/pgfmathfunctions.basic
.code.tex)
(/usr/local/texlive/2020/texmf-dist/tex/generic/pgf/math/pgfmathfunctions.trigo
nometric.code.tex)
(/usr/local/texlive/2020/texmf-dist/tex/generic/pgf/math/pgfmathfunctions.rando
m.code.tex)
(/usr/local/texlive/2020/texmf-dist/tex/generic/pgf/math/pgfmathfunctions.compa
rison.code.tex)
(/usr/local/texlive/2020/texmf-dist/tex/generic/pgf/math/pgfmathfunctions.base.
code.tex)
(/usr/local/texlive/2020/texmf-dist/tex/generic/pgf/math/pgfmathfunctions.round
.code.tex)
(/usr/local/texlive/2020/texmf-dist/tex/generic/pgf/math/pgfmathfunctions.misc.
code.tex)
(/usr/local/texlive/2020/texmf-dist/tex/generic/pgf/math/pgfmathfunctions.integ
erarithmetics.code.tex)))
(/usr/local/texlive/2020/texmf-dist/tex/generic/pgf/math/pgfmathfloat.code.tex
\c@pgfmathroundto@lastzeros=\count190
)) (/usr/local/texlive/2020/texmf-dist/tex/generic/pgf/math/pgfint.code.tex)
(/usr/local/texlive/2020/texmf-dist/tex/generic/pgf/basiclayer/pgfcorepoints.co
de.tex
File: pgfcorepoints.code.tex 2020/01/08 v3.1.5b (3.1.5b)
\pgf@picminx=\dimen155
\pgf@picmaxx=\dimen156
\pgf@picminy=\dimen157
\pgf@picmaxy=\dimen158
\pgf@pathminx=\dimen159
\pgf@pathmaxx=\dimen160
\pgf@pathminy=\dimen161
\pgf@pathmaxy=\dimen162
\pgf@xx=\dimen163
\pgf@xy=\dimen164
\pgf@yx=\dimen165
\pgf@yy=\dimen166
\pgf@zx=\dimen167
\pgf@zy=\dimen168
)
(/usr/local/texlive/2020/texmf-dist/tex/generic/pgf/basiclayer/pgfcorepathconst
ruct.code.tex
File: pgfcorepathconstruct.code.tex 2020/01/08 v3.1.5b (3.1.5b)
\pgf@path@lastx=\dimen169
\pgf@path@lasty=\dimen170
)
(/usr/local/texlive/2020/texmf-dist/tex/generic/pgf/basiclayer/pgfcorepathusage
.code.tex
File: pgfcorepathusage.code.tex 2020/01/08 v3.1.5b (3.1.5b)
\pgf@shorten@end@additional=\dimen171
\pgf@shorten@start@additional=\dimen172
)
(/usr/local/texlive/2020/texmf-dist/tex/generic/pgf/basiclayer/pgfcorescopes.co
de.tex
File: pgfcorescopes.code.tex 2020/01/08 v3.1.5b (3.1.5b)
\pgfpic=\box53
\pgf@hbox=\box54
\pgf@layerbox@main=\box55
\pgf@picture@serial@count=\count191
)
(/usr/local/texlive/2020/texmf-dist/tex/generic/pgf/basiclayer/pgfcoregraphicst
ate.code.tex
File: pgfcoregraphicstate.code.tex 2020/01/08 v3.1.5b (3.1.5b)
\pgflinewidth=\dimen173
)
(/usr/local/texlive/2020/texmf-dist/tex/generic/pgf/basiclayer/pgfcoretransform
ations.code.tex
File: pgfcoretransformations.code.tex 2020/01/08 v3.1.5b (3.1.5b)
\pgf@pt@x=\dimen174
\pgf@pt@y=\dimen175
\pgf@pt@temp=\dimen176
)
(/usr/local/texlive/2020/texmf-dist/tex/generic/pgf/basiclayer/pgfcorequick.cod
e.tex
File: pgfcorequick.code.tex 2020/01/08 v3.1.5b (3.1.5b)
)
(/usr/local/texlive/2020/texmf-dist/tex/generic/pgf/basiclayer/pgfcoreobjects.c
ode.tex
File: pgfcoreobjects.code.tex 2020/01/08 v3.1.5b (3.1.5b)
)
(/usr/local/texlive/2020/texmf-dist/tex/generic/pgf/basiclayer/pgfcorepathproce
ssing.code.tex
File: pgfcorepathprocessing.code.tex 2020/01/08 v3.1.5b (3.1.5b)
)
(/usr/local/texlive/2020/texmf-dist/tex/generic/pgf/basiclayer/pgfcorearrows.co
de.tex
File: pgfcorearrows.code.tex 2020/01/08 v3.1.5b (3.1.5b)
\pgfarrowsep=\dimen177
)
(/usr/local/texlive/2020/texmf-dist/tex/generic/pgf/basiclayer/pgfcoreshade.cod
e.tex
File: pgfcoreshade.code.tex 2020/01/08 v3.1.5b (3.1.5b)
\pgf@max=\dimen178
\pgf@sys@shading@range@num=\count192
\pgf@shadingcount=\count193
)
(/usr/local/texlive/2020/texmf-dist/tex/generic/pgf/basiclayer/pgfcoreimage.cod
e.tex
File: pgfcoreimage.code.tex 2020/01/08 v3.1.5b (3.1.5b)

(/usr/local/texlive/2020/texmf-dist/tex/generic/pgf/basiclayer/pgfcoreexternal.
code.tex
File: pgfcoreexternal.code.tex 2020/01/08 v3.1.5b (3.1.5b)
\pgfexternal@startupbox=\box56
))
(/usr/local/texlive/2020/texmf-dist/tex/generic/pgf/basiclayer/pgfcorelayers.co
de.tex
File: pgfcorelayers.code.tex 2020/01/08 v3.1.5b (3.1.5b)
)
(/usr/local/texlive/2020/texmf-dist/tex/generic/pgf/basiclayer/pgfcoretranspare
ncy.code.tex
File: pgfcoretransparency.code.tex 2020/01/08 v3.1.5b (3.1.5b)
)
(/usr/local/texlive/2020/texmf-dist/tex/generic/pgf/basiclayer/pgfcorepatterns.
code.tex
File: pgfcorepatterns.code.tex 2020/01/08 v3.1.5b (3.1.5b)
)
(/usr/local/texlive/2020/texmf-dist/tex/generic/pgf/basiclayer/pgfcorerdf.code.
tex
File: pgfcorerdf.code.tex 2020/01/08 v3.1.5b (3.1.5b)
)))
(/usr/local/texlive/2020/texmf-dist/tex/generic/pgf/modules/pgfmoduleshapes.cod
e.tex
File: pgfmoduleshapes.code.tex 2020/01/08 v3.1.5b (3.1.5b)
\pgfnodeparttextbox=\box57
)
(/usr/local/texlive/2020/texmf-dist/tex/generic/pgf/modules/pgfmoduleplot.code.
tex
File: pgfmoduleplot.code.tex 2020/01/08 v3.1.5b (3.1.5b)
)
(/usr/local/texlive/2020/texmf-dist/tex/latex/pgf/compatibility/pgfcomp-version
-0-65.sty
Package: pgfcomp-version-0-65 2020/01/08 v3.1.5b (3.1.5b)
\pgf@nodesepstart=\dimen179
\pgf@nodesepend=\dimen180
)
(/usr/local/texlive/2020/texmf-dist/tex/latex/pgf/compatibility/pgfcomp-version
-1-18.sty
Package: pgfcomp-version-1-18 2020/01/08 v3.1.5b (3.1.5b)
))
(/usr/local/texlive/2020/texmf-dist/tex/latex/pgf/utilities/pgffor.sty
(/usr/local/texlive/2020/texmf-dist/tex/latex/pgf/utilities/pgfkeys.sty
(/usr/local/texlive/2020/texmf-dist/tex/generic/pgf/utilities/pgfkeys.code.tex)
) (/usr/local/texlive/2020/texmf-dist/tex/latex/pgf/math/pgfmath.sty
(/usr/local/texlive/2020/texmf-dist/tex/generic/pgf/math/pgfmath.code.tex))
(/usr/local/texlive/2020/texmf-dist/tex/generic/pgf/utilities/pgffor.code.tex
Package: pgffor 2020/01/08 v3.1.5b (3.1.5b)

(/usr/local/texlive/2020/texmf-dist/tex/generic/pgf/math/pgfmath.code.tex)
\pgffor@iter=\dimen181
\pgffor@skip=\dimen182
\pgffor@stack=\toks28
\pgffor@toks=\toks29
))
(/usr/local/texlive/2020/texmf-dist/tex/generic/pgf/frontendlayer/tikz/tikz.cod
e.tex
Package: tikz 2020/01/08 v3.1.5b (3.1.5b)

(/usr/local/texlive/2020/texmf-dist/tex/generic/pgf/libraries/pgflibraryplothan
dlers.code.tex
File: pgflibraryplothandlers.code.tex 2020/01/08 v3.1.5b (3.1.5b)
\pgf@plot@mark@count=\count194
\pgfplotmarksize=\dimen183
)
\tikz@lastx=\dimen184
\tikz@lasty=\dimen185
\tikz@lastxsaved=\dimen186
\tikz@lastysaved=\dimen187
\tikz@lastmovetox=\dimen188
\tikz@lastmovetoy=\dimen189
\tikzleveldistance=\dimen190
\tikzsiblingdistance=\dimen191
\tikz@figbox=\box58
\tikz@figbox@bg=\box59
\tikz@tempbox=\box60
\tikz@tempbox@bg=\box61
\tikztreelevel=\count195
\tikznumberofchildren=\count196
\tikznumberofcurrentchild=\count197
\tikz@fig@count=\count198

(/usr/local/texlive/2020/texmf-dist/tex/generic/pgf/modules/pgfmodulematrix.cod
e.tex
File: pgfmodulematrix.code.tex 2020/01/08 v3.1.5b (3.1.5b)
\pgfmatrixcurrentrow=\count199
\pgfmatrixcurrentcolumn=\count266
\pgf@matrix@numberofcolumns=\count267
)
\tikz@expandcount=\count268

(/usr/local/texlive/2020/texmf-dist/tex/generic/pgf/frontendlayer/tikz/librarie
s/tikzlibrarytopaths.code.tex
File: tikzlibrarytopaths.code.tex 2020/01/08 v3.1.5b (3.1.5b)
)))
(/usr/local/texlive/2020/texmf-dist/tex/latex/caption/subcaption.sty
Package: subcaption 2020/01/22 v1.3d Sub-captions (AR)

(/usr/local/texlive/2020/texmf-dist/tex/latex/caption/caption.sty
Package: caption 2020/01/03 v3.4h Customizing captions (AR)

(/usr/local/texlive/2020/texmf-dist/tex/latex/caption/caption3.sty
Package: caption3 2020/01/03 v1.8h caption3 kernel (AR)
Package caption3 Info: TeX engine: e-TeX on input line 61.
\captionmargin=\dimen192
\captionmargin@=\dimen193
\captionwidth=\dimen194
\caption@tempdima=\dimen195
\caption@indent=\dimen196
\caption@parindent=\dimen197
\caption@hangindent=\dimen198
Package caption Info: elsarticle document class detected.
)
\c@caption@flags=\count269
\c@continuedfloat=\count270
)
\c@subfigure=\count271
\c@subtable=\count272
)
(/usr/local/texlive/2020/texmf-dist/tex/latex/amsmath/amsmath.sty
Package: amsmath 2020/01/20 v2.17e AMS math features
\@mathmargin=\skip53

For additional information on amsmath, use the `?' option.
(/usr/local/texlive/2020/texmf-dist/tex/latex/amsmath/amstext.sty
Package: amstext 2000/06/29 v2.01 AMS text

(/usr/local/texlive/2020/texmf-dist/tex/latex/amsmath/amsgen.sty
File: amsgen.sty 1999/11/30 v2.0 generic functions
\@emptytoks=\toks30
\ex@=\dimen199
))
(/usr/local/texlive/2020/texmf-dist/tex/latex/amsmath/amsbsy.sty
Package: amsbsy 1999/11/29 v1.2d Bold Symbols
\pmbraise@=\dimen256
)
(/usr/local/texlive/2020/texmf-dist/tex/latex/amsmath/amsopn.sty
Package: amsopn 2016/03/08 v2.02 operator names
)
\inf@bad=\count273
LaTeX Info: Redefining \frac on input line 227.
\uproot@=\count274
\leftroot@=\count275
LaTeX Info: Redefining \overline on input line 389.
\classnum@=\count276
\DOTSCASE@=\count277
LaTeX Info: Redefining \ldots on input line 486.
LaTeX Info: Redefining \dots on input line 489.
LaTeX Info: Redefining \cdots on input line 610.
\Mathstrutbox@=\box62
\strutbox@=\box63
\big@size=\dimen257
LaTeX Font Info:    Redeclaring font encoding OML on input line 733.
LaTeX Font Info:    Redeclaring font encoding OMS on input line 734.
\macc@depth=\count278
\c@MaxMatrixCols=\count279
\dotsspace@=\muskip16
\c@parentequation=\count280
\dspbrk@lvl=\count281
\tag@help=\toks31
\row@=\count282
\column@=\count283
\maxfields@=\count284
\andhelp@=\toks32
\eqnshift@=\dimen258
\alignsep@=\dimen259
\tagshift@=\dimen260
\tagwidth@=\dimen261
\totwidth@=\dimen262
\lineht@=\dimen263
\@envbody=\toks33
\multlinegap=\skip54
\multlinetaggap=\skip55
\mathdisplay@stack=\toks34
LaTeX Info: Redefining \[ on input line 2859.
LaTeX Info: Redefining \] on input line 2860.
)
(/usr/local/texlive/2020/texmf-dist/tex/latex/amsfonts/amssymb.sty
Package: amssymb 2013/01/14 v3.01 AMS font symbols

(/usr/local/texlive/2020/texmf-dist/tex/latex/amsfonts/amsfonts.sty
Package: amsfonts 2013/01/14 v3.01 Basic AMSFonts support
\symAMSa=\mathgroup4
\symAMSb=\mathgroup5
LaTeX Font Info:    Redeclaring math symbol \hbar on input line 98.
LaTeX Font Info:    Overwriting math alphabet `\mathfrak' in version `bold'
(Font)                  U/euf/m/n --> U/euf/b/n on input line 106.
))
(/usr/local/texlive/2020/texmf-dist/tex/latex/amscls/amsthm.sty
Package: amsthm 2017/10/31 v2.20.4
\thm@style=\toks35
\thm@bodyfont=\toks36
\thm@headfont=\toks37
\thm@notefont=\toks38
\thm@headpunct=\toks39
\thm@preskip=\skip56
\thm@postskip=\skip57
\thm@headsep=\skip58
\dth@everypar=\toks40
LaTeX Info: Redefining \qed on input line 274.
)
(/usr/local/texlive/2020/texmf-dist/tex/latex/hyperref/hyperref.sty
Package: hyperref 2020/01/14 v7.00d Hypertext links for LaTeX

(/usr/local/texlive/2020/texmf-dist/tex/generic/ltxcmds/ltxcmds.sty
Package: ltxcmds 2019/12/15 v1.24 LaTeX kernel commands for general use (HO)
)
(/usr/local/texlive/2020/texmf-dist/tex/generic/iftex/iftex.sty
Package: iftex 2020/03/06 v1.0d TeX engine tests
)
(/usr/local/texlive/2020/texmf-dist/tex/latex/pdftexcmds/pdftexcmds.sty
Package: pdftexcmds 2019/11/24 v0.31 Utility functions of pdfTeX for LuaTeX (HO
)

(/usr/local/texlive/2020/texmf-dist/tex/generic/infwarerr/infwarerr.sty
Package: infwarerr 2019/12/03 v1.5 Providing info/warning/error messages (HO)
)
Package pdftexcmds Info: \pdf@primitive is available.
Package pdftexcmds Info: \pdf@ifprimitive is available.
Package pdftexcmds Info: \pdfdraftmode found.
)
(/usr/local/texlive/2020/texmf-dist/tex/generic/kvsetkeys/kvsetkeys.sty
Package: kvsetkeys 2019/12/15 v1.18 Key value parser (HO)
)
(/usr/local/texlive/2020/texmf-dist/tex/generic/kvdefinekeys/kvdefinekeys.sty
Package: kvdefinekeys 2019-12-19 v1.6 Define keys (HO)
)
(/usr/local/texlive/2020/texmf-dist/tex/generic/pdfescape/pdfescape.sty
Package: pdfescape 2019/12/09 v1.15 Implements pdfTeX's escape features (HO)
)
(/usr/local/texlive/2020/texmf-dist/tex/latex/hycolor/hycolor.sty
Package: hycolor 2020-01-27 v1.10 Color options for hyperref/bookmark (HO)
)
(/usr/local/texlive/2020/texmf-dist/tex/latex/letltxmacro/letltxmacro.sty
Package: letltxmacro 2019/12/03 v1.6 Let assignment for LaTeX macros (HO)
)
(/usr/local/texlive/2020/texmf-dist/tex/latex/auxhook/auxhook.sty
Package: auxhook 2019-12-17 v1.6 Hooks for auxiliary files (HO)
)
(/usr/local/texlive/2020/texmf-dist/tex/latex/kvoptions/kvoptions.sty
Package: kvoptions 2019/11/29 v3.13 Key value format for package options (HO)
)
\@linkdim=\dimen264
\Hy@linkcounter=\count285
\Hy@pagecounter=\count286

(/usr/local/texlive/2020/texmf-dist/tex/latex/hyperref/pd1enc.def
File: pd1enc.def 2020/01/14 v7.00d Hyperref: PDFDocEncoding definition (HO)
Now handling font encoding PD1 ...
... no UTF-8 mapping file for font encoding PD1
)
(/usr/local/texlive/2020/texmf-dist/tex/generic/intcalc/intcalc.sty
Package: intcalc 2019/12/15 v1.3 Expandable calculations with integers (HO)
)
(/usr/local/texlive/2020/texmf-dist/tex/generic/etexcmds/etexcmds.sty
Package: etexcmds 2019/12/15 v1.7 Avoid name clashes with e-TeX commands (HO)
)
\Hy@SavedSpaceFactor=\count287
Package hyperref Info: Hyper figures OFF on input line 4547.
Package hyperref Info: Link nesting OFF on input line 4552.
Package hyperref Info: Hyper index ON on input line 4555.
Package hyperref Info: Plain pages OFF on input line 4562.
Package hyperref Info: Backreferencing OFF on input line 4567.
Package hyperref Info: Implicit mode ON; LaTeX internals redefined.
Package hyperref Info: Bookmarks ON on input line 4800.
\c@Hy@tempcnt=\count288

(/usr/local/texlive/2020/texmf-dist/tex/latex/url/url.sty
\Urlmuskip=\muskip17
Package: url 2013/09/16  ver 3.4  Verb mode for urls, etc.
)
LaTeX Info: Redefining \url on input line 5159.
\XeTeXLinkMargin=\dimen265

(/usr/local/texlive/2020/texmf-dist/tex/generic/bitset/bitset.sty
Package: bitset 2019/12/09 v1.3 Handle bit-vector datatype (HO)

(/usr/local/texlive/2020/texmf-dist/tex/generic/bigintcalc/bigintcalc.sty
Package: bigintcalc 2019/12/15 v1.5 Expandable calculations on big integers (HO
)
))
\Fld@menulength=\count289
\Field@Width=\dimen266
\Fld@charsize=\dimen267
Package hyperref Info: Hyper figures OFF on input line 6430.
Package hyperref Info: Link nesting OFF on input line 6435.
Package hyperref Info: Hyper index ON on input line 6438.
Package hyperref Info: backreferencing OFF on input line 6445.
Package hyperref Info: Link coloring OFF on input line 6450.
Package hyperref Info: Link coloring with OCG OFF on input line 6455.
Package hyperref Info: PDF/A mode OFF on input line 6460.
LaTeX Info: Redefining \ref on input line 6500.
LaTeX Info: Redefining \pageref on input line 6504.

(/usr/local/texlive/2020/texmf-dist/tex/generic/atbegshi/atbegshi.sty
Package: atbegshi 2019/12/05 v1.19 At begin shipout hook (HO)
)
\Hy@abspage=\count290
\c@Item=\count291
\c@Hfootnote=\count292
)
Package hyperref Info: Driver (autodetected): hpdftex.

(/usr/local/texlive/2020/texmf-dist/tex/latex/hyperref/hpdftex.def
File: hpdftex.def 2020/01/14 v7.00d Hyperref driver for pdfTeX

(/usr/local/texlive/2020/texmf-dist/tex/latex/atveryend/atveryend.sty
Package: atveryend 2019-12-11 v1.11 Hooks at the very end of document (HO)
Package atveryend Info: \enddocument detected (standard20110627).
)
\Fld@listcount=\count293
\c@bookmark@seq@number=\count294

(/usr/local/texlive/2020/texmf-dist/tex/latex/rerunfilecheck/rerunfilecheck.sty
Package: rerunfilecheck 2019/12/05 v1.9 Rerun checks for auxiliary files (HO)

(/usr/local/texlive/2020/texmf-dist/tex/generic/uniquecounter/uniquecounter.sty
Package: uniquecounter 2019/12/15 v1.4 Provide unlimited unique counter (HO)
)
Package uniquecounter Info: New unique counter `rerunfilecheck' on input line 2
86.
)
\Hy@SectionHShift=\skip59
)
Package hyperref Info: Option `colorlinks' set `true' on input line 35.
\c@theorem=\count295
\c@corollary=\count296
\c@proposition=\count297
 (/usr/local/texlive/2020/texmf-dist/tex/latex/tools/tabularx.sty
Package: tabularx 2020/01/15 v2.11c `tabularx' package (DPC)

(/usr/local/texlive/2020/texmf-dist/tex/latex/tools/array.sty
Package: array 2019/08/31 v2.4l Tabular extension package (FMi)
\col@sep=\dimen268
\ar@mcellbox=\box64
\extrarowheight=\dimen269
\NC@list=\toks41
\extratabsurround=\skip60
\backup@length=\skip61
\ar@cellbox=\box65
)
\TX@col@width=\dimen270
\TX@old@table=\dimen271
\TX@old@col=\dimen272
\TX@target=\dimen273
\TX@delta=\dimen274
\TX@cols=\count298
\TX@ftn=\toks42
)
(/usr/local/texlive/2020/texmf-dist/tex/latex/enumitem/enumitem.sty
Package: enumitem 2019/06/20 v3.9 Customized lists
\labelindent=\skip62
\enit@outerparindent=\dimen275
\enit@toks=\toks43
\enit@inbox=\box66
\enit@count@id=\count299
\enitdp@description=\count300
)
(/usr/local/texlive/2020/texmf-dist/tex/latex/l3backend/l3backend-pdfmode.def
File: l3backend-pdfmode.def 2020-03-12 L3 backend support: PDF mode
\l__kernel_color_stack_int=\count301
\l__pdf_internal_box=\box67
)
(./covid_m.aux

! Package natbib Error: Bibliography not compatible with author-year citations.

(natbib)                Press <return> to continue in numerical citation style.


See the natbib package documentation for explanation.
Type  H <return>  for immediate help.
 ...                                              
                                                  
l.181 ...and\NAT@force@numbers{}\NAT@force@numbers
                                                  
Check the bibliography entries for non-compliant syntax,
or select author-year BibTeX style, e.g. plainnat

)
\openout1 = `covid_m.aux'.

LaTeX Font Info:    Checking defaults for OML/cmm/m/it on input line 77.
LaTeX Font Info:    ... okay on input line 77.
LaTeX Font Info:    Checking defaults for OMS/cmsy/m/n on input line 77.
LaTeX Font Info:    ... okay on input line 77.
LaTeX Font Info:    Checking defaults for OT1/cmr/m/n on input line 77.
LaTeX Font Info:    ... okay on input line 77.
LaTeX Font Info:    Checking defaults for T1/cmr/m/n on input line 77.
LaTeX Font Info:    ... okay on input line 77.
LaTeX Font Info:    Checking defaults for TS1/cmr/m/n on input line 77.
LaTeX Font Info:    ... okay on input line 77.
LaTeX Font Info:    Checking defaults for OMX/cmex/m/n on input line 77.
LaTeX Font Info:    ... okay on input line 77.
LaTeX Font Info:    Checking defaults for U/cmr/m/n on input line 77.
LaTeX Font Info:    ... okay on input line 77.
LaTeX Font Info:    Checking defaults for PD1/pdf/m/n on input line 77.
LaTeX Font Info:    ... okay on input line 77.
 (/usr/local/texlive/2020/texmf-dist/tex/context/base/mkii/supp-pdf.mkii
[Loading MPS to PDF converter (version 2006.09.02).]
\scratchcounter=\count302
\scratchdimen=\dimen276
\scratchbox=\box68
\nofMPsegments=\count303
\nofMParguments=\count304
\everyMPshowfont=\toks44
\MPscratchCnt=\count305
\MPscratchDim=\dimen277
\MPnumerator=\count306
\makeMPintoPDFobject=\count307
\everyMPtoPDFconversion=\toks45
) (/usr/local/texlive/2020/texmf-dist/tex/latex/epstopdf-pkg/epstopdf-base.sty
Package: epstopdf-base 2020-01-24 v2.11 Base part for package epstopdf
Package epstopdf-base Info: Redefining graphics rule for `.eps' on input line 4
85.

(/usr/local/texlive/2020/texmf-dist/tex/latex/latexconfig/epstopdf-sys.cfg
File: epstopdf-sys.cfg 2010/07/13 v1.3 Configuration of (r)epstopdf for TeX Liv
e
))
ABD: EveryShipout initializing macros
Package caption Info: Begin \AtBeginDocument code.
Package caption Info: hyperref package is loaded.
Package caption Info: End \AtBeginDocument code.
\AtBeginShipoutBox=\box69
Package hyperref Info: Link coloring ON on input line 77.

(/usr/local/texlive/2020/texmf-dist/tex/latex/hyperref/nameref.sty
Package: nameref 2019/09/16 v2.46 Cross-referencing by name of section

(/usr/local/texlive/2020/texmf-dist/tex/latex/refcount/refcount.sty
Package: refcount 2019/12/15 v3.6 Data extraction from label references (HO)
)
(/usr/local/texlive/2020/texmf-dist/tex/generic/gettitlestring/gettitlestring.s
ty
Package: gettitlestring 2019/12/15 v1.6 Cleanup title references (HO)
)
\c@section@level=\count308
)
LaTeX Info: Redefining \ref on input line 77.
LaTeX Info: Redefining \pageref on input line 77.
LaTeX Info: Redefining \nameref on input line 77.
 (./covid_m.out) (./covid_m.out)
\@outlinefile=\write5
\openout5 = `covid_m.out'.

LaTeX Font Info:    Trying to load font information for U+msa on input line 99.


(/usr/local/texlive/2020/texmf-dist/tex/latex/amsfonts/umsa.fd
File: umsa.fd 2013/01/14 v3.01 AMS symbols A
)
LaTeX Font Info:    Trying to load font information for U+msb on input line 99.


(/usr/local/texlive/2020/texmf-dist/tex/latex/amsfonts/umsb.fd
File: umsb.fd 2013/01/14 v3.01 AMS symbols B
)
Overfull \hbox (2.22221pt too wide) has occurred while \output is active
[] 
 []


Package hyperref Warning: Token not allowed in a PDF string (PDFDocEncoding):
(hyperref)                removing `\<def>-command' on input line 107.


Package hyperref Warning: Token not allowed in a PDF string (PDFDocEncoding):
(hyperref)                removing `\cnotenum' on input line 107.


Package hyperref Warning: Token not allowed in a PDF string (PDFDocEncoding):
(hyperref)                removing `\<def>-command' on input line 107.


Package hyperref Warning: Token not allowed in a PDF string (PDFDocEncoding):
(hyperref)                removing `\@corref' on input line 107.

[1


{/usr/local/texlive/2020/texmf-var/fonts/map/pdftex/updmap/pdftex.map}]
Overfull \hbox (12.73549pt too wide) in paragraph at lines 250--251
 [][] 
 []

[2] [3]

Package hyperref Warning: Difference (2) between bookmark levels is greater 
(hyperref)                than one, level fixed on input line 309.


Package hyperref Warning: Token not allowed in a PDF string (PDFDocEncoding):
(hyperref)                removing `math shift' on input line 309.


Package hyperref Warning: Token not allowed in a PDF string (PDFDocEncoding):
(hyperref)                removing `math shift' on input line 309.

[4]

Package hyperref Warning: Token not allowed in a PDF string (PDFDocEncoding):
(hyperref)                removing `math shift' on input line 335.


Package hyperref Warning: Token not allowed in a PDF string (PDFDocEncoding):
(hyperref)                removing `math shift' on input line 335.


Package hyperref Warning: Token not allowed in a PDF string (PDFDocEncoding):
(hyperref)                removing `math shift' on input line 338.


Package hyperref Warning: Token not allowed in a PDF string (PDFDocEncoding):
(hyperref)                removing `math shift' on input line 338.


Package hyperref Warning: Token not allowed in a PDF string (PDFDocEncoding):
(hyperref)                removing `math shift' on input line 341.


Package hyperref Warning: Token not allowed in a PDF string (PDFDocEncoding):
(hyperref)                removing `math shift' on input line 341.

[5]

Package hyperref Warning: Token not allowed in a PDF string (PDFDocEncoding):
(hyperref)                removing `math shift' on input line 358.


Package hyperref Warning: Token not allowed in a PDF string (PDFDocEncoding):
(hyperref)                removing `math shift' on input line 358.


Package hyperref Warning: Token not allowed in a PDF string (PDFDocEncoding):
(hyperref)                removing `math shift' on input line 361.


Package hyperref Warning: Token not allowed in a PDF string (PDFDocEncoding):
(hyperref)                removing `math shift' on input line 361.


Package hyperref Warning: Token not allowed in a PDF string (PDFDocEncoding):
(hyperref)                removing `math shift' on input line 364.


Package hyperref Warning: Token not allowed in a PDF string (PDFDocEncoding):
(hyperref)                removing `math shift' on input line 364.

<Italy_plot_model_data.pdf, id=186, 867.24pt x 867.24pt>
File: Italy_plot_model_data.pdf Graphic file (type pdf)
<use Italy_plot_model_data.pdf>
Package pdftex.def Info: Italy_plot_model_data.pdf  used on input line 377.
(pdftex.def)             Requested size: 345.0pt x 344.99754pt.
<Italy_evolution.pdf, id=188, 867.24pt x 722.7pt>
File: Italy_evolution.pdf Graphic file (type pdf)
<use Italy_evolution.pdf>
Package pdftex.def Info: Italy_evolution.pdf  used on input line 390.
(pdftex.def)             Requested size: 345.0pt x 287.49794pt.
<Italy_sensitivity_beta.pdf, id=191, 867.24pt x 578.16pt>
File: Italy_sensitivity_beta.pdf Graphic file (type pdf)
<use Italy_sensitivity_beta.pdf>
Package pdftex.def Info: Italy_sensitivity_beta.pdf  used on input line 403.
(pdftex.def)             Requested size: 345.0pt x 229.99835pt.
[6] [7 <./Italy_plot_model_data.pdf>]
<Italy_sensitivity_epsilon.pdf, id=237, 867.24pt x 578.16pt>
File: Italy_sensitivity_epsilon.pdf Graphic file (type pdf)
<use Italy_sensitivity_epsilon.pdf>
Package pdftex.def Info: Italy_sensitivity_epsilon.pdf  used on input line 417.

(pdftex.def)             Requested size: 345.0pt x 229.99835pt.
 [8 <./Italy_evolution.pdf>]

LaTeX Warning: Text page 9 contains only floats.


Overfull \vbox (3.99667pt too high) has occurred while \output is active []


[9 <./Italy_sensitivity_beta.pdf> <./Italy_sensitivity_epsilon.pdf

pdfTeX warning: /Library/TeX/texbin/pdflatex (file ./Italy_sensitivity_epsilon.
pdf): PDF inclusion: multiple pdfs with page group included in a single page
>]
<Italy_scenario_reinfection.pdf, id=309, 867.24pt x 578.16pt>
File: Italy_scenario_reinfection.pdf Graphic file (type pdf)
<use Italy_scenario_reinfection.pdf>
Package pdftex.def Info: Italy_scenario_reinfection.pdf  used on input line 430
.
(pdftex.def)             Requested size: 345.0pt x 229.99835pt.
<Italy_scenario_vaccination0.5.pdf, id=317, 867.24pt x 578.16pt>
File: Italy_scenario_vaccination0.5.pdf Graphic file (type pdf)
<use Italy_scenario_vaccination0.5.pdf>
Package pdftex.def Info: Italy_scenario_vaccination0.5.pdf  used on input line 
443.
(pdftex.def)             Requested size: 345.0pt x 229.99835pt.
<Italy_scenario_vaccination0.8.pdf, id=318, 867.24pt x 578.16pt>
File: Italy_scenario_vaccination0.8.pdf Graphic file (type pdf)
<use Italy_scenario_vaccination0.8.pdf>
Package pdftex.def Info: Italy_scenario_vaccination0.8.pdf  used on input line 
453.
(pdftex.def)             Requested size: 345.0pt x 229.99835pt.
 [10 <./Italy_scenario_reinfection.pdf>]
<India_plot_model_data.pdf, id=352, 867.24pt x 361.35pt>
File: India_plot_model_data.pdf Graphic file (type pdf)
<use India_plot_model_data.pdf>
Package pdftex.def Info: India_plot_model_data.pdf  used on input line 468.
(pdftex.def)             Requested size: 345.0pt x 143.74896pt.
<India_evolution.pdf, id=354, 867.24pt x 722.7pt>
File: India_evolution.pdf Graphic file (type pdf)
<use India_evolution.pdf>
Package pdftex.def Info: India_evolution.pdf  used on input line 480.
(pdftex.def)             Requested size: 345.0pt x 287.49794pt.
<India_sensitivity_beta.pdf, id=357, 867.24pt x 578.16pt>
File: India_sensitivity_beta.pdf Graphic file (type pdf)
<use India_sensitivity_beta.pdf>
Package pdftex.def Info: India_sensitivity_beta.pdf  used on input line 492.
(pdftex.def)             Requested size: 345.0pt x 229.99835pt.
<India_sensitivity_epsilon.pdf, id=358, 867.24pt x 578.16pt>
File: India_sensitivity_epsilon.pdf Graphic file (type pdf)
<use India_sensitivity_epsilon.pdf>
Package pdftex.def Info: India_sensitivity_epsilon.pdf  used on input line 502.

(pdftex.def)             Requested size: 345.0pt x 229.99835pt.
<India_scenario_reinfection.pdf, id=360, 867.24pt x 578.16pt>
File: India_scenario_reinfection.pdf Graphic file (type pdf)
<use India_scenario_reinfection.pdf>
Package pdftex.def Info: India_scenario_reinfection.pdf  used on input line 515
.
(pdftex.def)             Requested size: 345.0pt x 229.99835pt.
<India_scenario_vaccination0.3.pdf, id=363, 867.24pt x 578.16pt>
File: India_scenario_vaccination0.3.pdf Graphic file (type pdf)
<use India_scenario_vaccination0.3.pdf>
Package pdftex.def Info: India_scenario_vaccination0.3.pdf  used on input line 
528.
(pdftex.def)             Requested size: 345.0pt x 229.99835pt.
<India_scenario_vaccination0.7.pdf, id=364, 867.24pt x 578.16pt>
File: India_scenario_vaccination0.7.pdf Graphic file (type pdf)
<use India_scenario_vaccination0.7.pdf>
Package pdftex.def Info: India_scenario_vaccination0.7.pdf  used on input line 
539.
(pdftex.def)             Requested size: 345.0pt x 229.99835pt.
 [11 <./Italy_scenario_vaccination0.5.pdf>] [12 <./Italy_scenario_vaccination0.
8.pdf> <./India_plot_model_data.pdf

pdfTeX warning: /Library/TeX/texbin/pdflatex (file ./India_plot_model_data.pdf)
: PDF inclusion: multiple pdfs with page group included in a single page
>]
<Victoria_plot_model_data.pdf, id=433, 867.24pt x 867.24pt>
File: Victoria_plot_model_data.pdf Graphic file (type pdf)
<use Victoria_plot_model_data.pdf>
Package pdftex.def Info: Victoria_plot_model_data.pdf  used on input line 552.
(pdftex.def)             Requested size: 345.0pt x 344.99754pt.
<Victoria_evolution.pdf, id=434, 867.24pt x 722.7pt>
File: Victoria_evolution.pdf Graphic file (type pdf)
<use Victoria_evolution.pdf>
Package pdftex.def Info: Victoria_evolution.pdf  used on input line 563.
(pdftex.def)             Requested size: 345.0pt x 287.49794pt.

Overfull \hbox (1.99272pt too wide) in paragraph at lines 619--619
[]|\OT1/cmr/bx/n/10 Param| 
 []


Underfull \hbox (badness 8038) in paragraph at lines 619--619
[]|\OT1/cmr/m/n/10 infectiousness fac-tor iso-
 []


Underfull \hbox (badness 10000) in paragraph at lines 619--619
[]|\OT1/cmr/m/n/10 transition rate asymp-
 []


Underfull \hbox (badness 10000) in paragraph at lines 619--619
[]|\OT1/cmr/m/n/10 detection rate asymp-
 []


Underfull \hbox (badness 10000) in paragraph at lines 619--619
[]|\OT1/cmr/m/n/10 rate of de-vel-op-ing life-
 []


Underfull \hbox (badness 4036) in paragraph at lines 619--619
\OT1/cmr/m/n/10 threatening symp-toms in
 []


Underfull \hbox (badness 10000) in paragraph at lines 619--619
[]|\OT1/cmr/m/n/10 rate of de-vel-op-ing life-
 []


Underfull \hbox (badness 1281) in paragraph at lines 619--619
\OT1/cmr/m/n/10 threatening symp-toms for
 []


Underfull \hbox (badness 4531) in paragraph at lines 619--619
[]|\OT1/cmr/m/n/10 recovery rate of asymp-
 []


Underfull \hbox (badness 10000) in paragraph at lines 619--619
[]|\OT1/cmr/m/n/10 recovery rate of symp-
 []


Overfull \hbox (10.04979pt too wide) in alignment at lines 619--619
[][][][] 
 []

[13 <./India_evolution.pdf>]

LaTeX Warning: Text page 14 contains only floats.


Overfull \vbox (3.99667pt too high) has occurred while \output is active []


[14 <./India_sensitivity_beta.pdf> <./India_sensitivity_epsilon.pdf

pdfTeX warning: /Library/TeX/texbin/pdflatex (file ./India_sensitivity_epsilon.
pdf): PDF inclusion: multiple pdfs with page group included in a single page
>] [15 <./India_scenario_reinfection.pdf>] [16] [17 <./India_scenario_vaccinati
on0.3.pdf>] [18 <./India_scenario_vaccination0.7.pdf>]
Overfull \vbox (9.14372pt too high) has occurred while \output is active []


[19 <./Victoria_plot_model_data.pdf>]
Overfull \hbox (8.31575pt too wide) in paragraph at lines 707--708
[]\OT1/cmr/m/n/10 If $\OML/cmm/m/it/10 X \OMS/cmsy/m/n/10 2 X[]$\OT1/cmr/m/n/10
 , then $\OMS/cmsy/m/n/10 V[]\OT1/cmr/m/n/10 (\OML/cmm/m/it/10 x\OT1/cmr/m/n/10
 ) = \OMS/cmsy/m/n/10 F\OT1/cmr/m/n/10 (\OML/cmm/m/it/10 x\OT1/cmr/m/n/10 ) = \
OMS/cmsy/m/n/10 V[]\OT1/cmr/m/n/10 (\OML/cmm/m/it/10 x\OT1/cmr/m/n/10 ) = 0$ fo
r $\OML/cmm/m/it/10 x \OMS/cmsy/m/n/10 2 f\OML/cmm/m/it/10 E; I; A; Q; H; C; D;
 R\OMS/cmsy/m/n/10 g$\OT1/cmr/m/n/10 . 
 []

[20 <./Victoria_evolution.pdf>]
Overfull \hbox (11.4253pt too wide) detected at line 777
 $[][]$  
 []

[21] [22]
Overfull \hbox (2.89449pt too wide) detected at line 867
 $[][]$  
 []


Overfull \hbox (26.54361pt too wide) detected at line 878
 $[][]$  
 []

[23]
<Italy_model_confidence.pdf, id=715, 433.62pt x 578.16pt>
File: Italy_model_confidence.pdf Graphic file (type pdf)
<use Italy_model_confidence.pdf>
Package pdftex.def Info: Italy_model_confidence.pdf  used on input line 906.
(pdftex.def)             Requested size: 172.5pt x 229.99835pt.
<India_model_confidence.pdf, id=716, 433.62pt x 578.16pt>
File: India_model_confidence.pdf Graphic file (type pdf)
<use India_model_confidence.pdf>
Package pdftex.def Info: India_model_confidence.pdf  used on input line 912.
(pdftex.def)             Requested size: 172.5pt x 229.99835pt.
 [24] [25 <./Italy_model_confidence.pdf> <./India_model_confidence.pdf

pdfTeX warning: /Library/TeX/texbin/pdflatex (file ./India_model_confidence.pdf
): PDF inclusion: multiple pdfs with page group included in a single page
>]
Overfull \hbox (22.33064pt too wide) in paragraph at lines 999--1000
\OT1/cmtt/m/n/10 github . com / pcm-[]dpc / COVID-[]19$[][]\OT1/cmr/m/n/10 , an
d from [][]$\OT1/cmtt/m/n/10 https : / / github . com / CSSEGISandData /
 []

(./covid_m.bbl [26]
Underfull \hbox (badness 10000) in paragraph at lines 35--44
\OT1/cmr/m/n/10 URL [][]$\OT1/cmtt/m/n/10 https : / / www . eurosurveillance . 
org / content / 10 . 2807 /
 []


Underfull \hbox (badness 4673) in paragraph at lines 62--73
\OT1/cmr/m/n/10 URL [][]$\OT1/cmtt/m/n/10 https : / / royalsocietypublishing . 
org / doi / abs / 10 . 1098 / rspb .
 []

[27]
Underfull \hbox (badness 2103) in paragraph at lines 84--92
\OT1/cmr/m/n/10 y-sis of covid-19 in china by dy-nam-i-cal mod-el-ing[][], medR
xiv[][]$\OT1/cmtt/m/n/10 arXiv :
 []


Underfull \hbox (badness 10000) in paragraph at lines 84--92
\OT1/cmtt/m/n/10 https : / / www . medrxiv . org / content / early / 2020 / 02 
/ 18 / 2020 . 02 . 16 .
 []


Underfull \hbox (badness 4582) in paragraph at lines 109--118
\OT1/cmr/m/n/10 fer-ent lock-down phase dur-ing covid-19 in in-dia[][], medRxiv
[][]$\OT1/cmtt/m/n/10 arXiv :
 []


Underfull \hbox (badness 10000) in paragraph at lines 109--118
\OT1/cmtt/m/n/10 https : / / www . medrxiv . org / content / early / 2020 / 07 
/ 11 / 2020 . 07 .
 []


Underfull \hbox (badness 3148) in paragraph at lines 120--127
\OT1/cmr/m/n/10 L. Jeyasee-lan, [][]Mod-elling of re-pro-duc-tion num-ber for c
ovid-19 in
 []


Underfull \hbox (badness 1721) in paragraph at lines 120--127
\OT1/cmr/m/n/10 in-dia and high in-ci-dence states[][], Clin-i-cal Epi-demi-ol-
ogy and Global
 []


Underfull \hbox (badness 10000) in paragraph at lines 120--127
\OT1/cmr/m/n/10 URL [][]$\OT1/cmtt/m/n/10 http : / / www . sciencedirect . com 
/ science / article / pii /
 []


Underfull \hbox (badness 10000) in paragraph at lines 129--134
\OT1/cmr/m/n/10 URL [][]$\OT1/cmtt/m/n/10 https : / / www . mja . com . au / jo
urnal / 2020 /
 []


Overfull \hbox (85.30208pt too wide) in paragraph at lines 129--134
\OT1/cmtt/m/n/10 victorias-[]response-[]resurgence-[]covid-[]19-[]has-[]averted
-[]9000-[]37000-[]cases-[]july-[]2020$[][] 
 []

[28]
Underfull \hbox (badness 2556) in paragraph at lines 153--163
[][]\OT1/cmr/m/n/10 Sub-stan-tial un-doc-u-mented in-fec-tion fa-cil-i-tates th
e rapid dis-sem-i-na-
 []


Underfull \hbox (badness 3312) in paragraph at lines 153--163
\OT1/cmr/m/n/10 tion of novel coro-n-avirus (sars-cov-2)[][], Sci-ence 368 (649
0) (2020)
 []


Underfull \hbox (badness 1983) in paragraph at lines 165--171
[]\OT1/cmr/m/n/10 N. Fer-gu-son, D. Lay-don, G. Nedjati-Gilani, N. Imai, K. Ain
slie,
 []

[29]
Underfull \hbox (badness 2913) in paragraph at lines 218--226
[]\OT1/cmr/m/n/10 P. van den Driess-che, J. Wat-mough, [][]Re-pro-duc-tion num-
bers and
 []


Underfull \hbox (badness 2435) in paragraph at lines 218--226
\OT1/cmr/m/n/10 sub-threshold en-demic equi-lib-ria for com-part-men-tal mod-el
s of dis-
 []


Underfull \hbox (badness 10000) in paragraph at lines 218--226
\OT1/cmr/m/n/10 URL [][]$\OT1/cmtt/m/n/10 http : / / www . sciencedirect . com 
/ science / article / pii /
 []


Underfull \hbox (badness 5985) in paragraph at lines 228--239
[]\OT1/cmr/m/n/10 A. A. King, M. Domenech de Cell^^Res, F. M. G. Mag-pan-tay,
 []


Underfull \hbox (badness 5741) in paragraph at lines 228--239
\OT1/cmr/m/n/10 P. Ro-hani, [][]Avoid-able er-rors in the mod-elling of out-bre
aks of
 []


Underfull \hbox (badness 3439) in paragraph at lines 228--239
\OT1/cmr/m/n/10 emerg-ing pathogens, with spe-cial ref-er-ence to ebola[][], Pr
o-ceed-ings
 []


Underfull \hbox (badness 5652) in paragraph at lines 228--239
\OT1/cmr/m/n/10 of the Royal So-ci-ety B: Bi-o-log-i-cal Sci-ences 282 (1806) (
2015)
 []


Underfull \hbox (badness 4673) in paragraph at lines 228--239
\OT1/cmr/m/n/10 URL [][]$\OT1/cmtt/m/n/10 https : / / royalsocietypublishing . 
org / doi / abs / 10 . 1098 / rspb .
 []

) [30]
Package atveryend Info: Empty hook `BeforeClearDocument' on input line 1010.
Package atveryend Info: Empty hook `AfterLastShipout' on input line 1010.
 (./covid_m.aux)
Package atveryend Info: Executing hook `AtVeryEndDocument' on input line 1010.
Package atveryend Info: Executing hook `AtEndAfterFileList' on input line 1010.

Package rerunfilecheck Info: File `covid_m.out' has not changed.
(rerunfilecheck)             Checksum: 649C94AEA8F6ECA03D3B0B0204763CF5;1733.
Package atveryend Info: Empty hook `AtVeryVeryEnd' on input line 1010.
 ) 
Here is how much of TeX's memory you used:
 19258 strings out of 480608
 358556 string characters out of 5903630
 625461 words of memory out of 5000000
 34623 multiletter control sequences out of 15000+600000
 539734 words of font info for 53 fonts, out of 8000000 for 9000
 1141 hyphenation exceptions out of 8191
 60i,15n,60p,1909b,765s stack positions out of 5000i,500n,10000p,200000b,80000s
</usr/local/texlive/2020/texmf-dist/fonts/type1/public/amsfonts/cm/cmbx10.pfb
></usr/local/texlive/2020/texmf-dist/fonts/type1/public/amsfonts/cm/cmbx8.pfb><
/usr/local/texlive/2020/texmf-dist/fonts/type1/public/amsfonts/cm/cmex10.pfb></
usr/local/texlive/2020/texmf-dist/fonts/type1/public/amsfonts/cmextra/cmex8.pfb
></usr/local/texlive/2020/texmf-dist/fonts/type1/public/amsfonts/cm/cmmi10.pfb>
</usr/local/texlive/2020/texmf-dist/fonts/type1/public/amsfonts/cm/cmmi12.pfb><
/usr/local/texlive/2020/texmf-dist/fonts/type1/public/amsfonts/cm/cmmi6.pfb></u
sr/local/texlive/2020/texmf-dist/fonts/type1/public/amsfonts/cm/cmmi7.pfb></usr
/local/texlive/2020/texmf-dist/fonts/type1/public/amsfonts/cm/cmmi8.pfb></usr/l
ocal/texlive/2020/texmf-dist/fonts/type1/public/amsfonts/cm/cmr10.pfb></usr/loc
al/texlive/2020/texmf-dist/fonts/type1/public/amsfonts/cm/cmr12.pfb></usr/local
/texlive/2020/texmf-dist/fonts/type1/public/amsfonts/cm/cmr5.pfb></usr/local/te
xlive/2020/texmf-dist/fonts/type1/public/amsfonts/cm/cmr6.pfb></usr/local/texli
ve/2020/texmf-dist/fonts/type1/public/amsfonts/cm/cmr7.pfb></usr/local/texlive/
2020/texmf-dist/fonts/type1/public/amsfonts/cm/cmr8.pfb></usr/local/texlive/202
0/texmf-dist/fonts/type1/public/amsfonts/cm/cmr9.pfb></usr/local/texlive/2020/t
exmf-dist/fonts/type1/public/amsfonts/cm/cmss10.pfb></usr/local/texlive/2020/te
xmf-dist/fonts/type1/public/amsfonts/cm/cmss12.pfb></usr/local/texlive/2020/tex
mf-dist/fonts/type1/public/amsfonts/cm/cmsy10.pfb></usr/local/texlive/2020/texm
f-dist/fonts/type1/public/amsfonts/cm/cmsy6.pfb></usr/local/texlive/2020/texmf-
dist/fonts/type1/public/amsfonts/cm/cmsy7.pfb></usr/local/texlive/2020/texmf-di
st/fonts/type1/public/amsfonts/cm/cmsy8.pfb></usr/local/texlive/2020/texmf-dist
/fonts/type1/public/amsfonts/cm/cmti10.pfb></usr/local/texlive/2020/texmf-dist/
fonts/type1/public/amsfonts/cm/cmti7.pfb></usr/local/texlive/2020/texmf-dist/fo
nts/type1/public/amsfonts/cm/cmti8.pfb></usr/local/texlive/2020/texmf-dist/font
s/type1/public/amsfonts/cm/cmtt10.pfb></usr/local/texlive/2020/texmf-dist/fonts
/type1/public/amsfonts/cm/cmtt8.pfb>
Output written on covid_m.pdf (30 pages, 801721 bytes).
PDF statistics:
 1024 PDF objects out of 1200 (max. 8388607)
 895 compressed objects within 9 object streams
 147 named destinations out of 1000 (max. 500000)
 271 words of extra memory for PDF output out of 10000 (max. 10000000)

