\BOOKMARK [1][-]{section.1}{Introduction}{}% 1
\BOOKMARK [2][-]{subsubsection.1.0.1}{Susceptible individuals: S\(t\)}{section.1}% 2
\BOOKMARK [3][-]{subsubsection.1.0.2}{Exposed individuals: E\(t\)}{subsubsection.1.0.1}% 3
\BOOKMARK [3][-]{subsubsection.1.0.3}{Symptomatic individuals: I\(t\)}{subsubsection.1.0.1}% 4
\BOOKMARK [3][-]{subsubsection.1.0.4}{Asymptomatic individuals: A\(t\)}{subsubsection.1.0.1}% 5
\BOOKMARK [3][-]{subsubsection.1.0.5}{Quarantined individuals: Q\(t\)}{subsubsection.1.0.1}% 6
\BOOKMARK [3][-]{subsubsection.1.0.6}{Isolated individuals: H\(t\)}{subsubsection.1.0.1}% 7
\BOOKMARK [3][-]{subsubsection.1.0.7}{Critical, Recovered and Deceased individuals: C\(t\), R\(t\), D\(t\)}{subsubsection.1.0.1}% 8
\BOOKMARK [1][-]{section.2}{Results}{}% 9
\BOOKMARK [2][-]{subsection.2.1}{Italy}{section.2}% 10
\BOOKMARK [2][-]{subsection.2.2}{India}{section.2}% 11
\BOOKMARK [2][-]{subsection.2.3}{Victoria, Australia}{section.2}% 12
\BOOKMARK [1][-]{section.3}{Methods}{}% 13
\BOOKMARK [2][-]{subsection.3.1}{Baseline mathematical models}{section.3}% 14
\BOOKMARK [3][-]{subsubsection.3.1.1}{Baseline epidemiological parameters}{subsection.3.1}% 15
\BOOKMARK [3][-]{subsubsection.3.1.2}{The basic reproduction number for baseline model}{subsection.3.1}% 16
\BOOKMARK [3][-]{subsubsection.3.1.3}{Fitting of the model for the COVID-19 outbreak: Italy and India}{subsection.3.1}% 17
\BOOKMARK [2][-]{subsection.3.2}{Extending the baseline model}{section.3}% 18
\BOOKMARK [3][-]{subsubsection.3.2.1}{Scenario: Confinement}{subsection.3.2}% 19
\BOOKMARK [3][-]{subsubsection.3.2.2}{Scenario: Loss of immunity}{subsection.3.2}% 20
\BOOKMARK [3][-]{subsubsection.3.2.3}{Scenario: Mass Vaccination }{subsection.3.2}% 21
